<?xml version="1.0" encoding="UTF-8"?>
<!-- Generated by org.testng.reporters.JUnitReportReporter -->
<testsuite hostname="DESKTOP-493LAII" failures="0" tests="1" name="testSuite.base" time="6.356" errors="0" timestamp="2023-01-15T11:51:48 IST" skipped="0">
  <testcase classname="testSuite.base" name="chromeBrowser" time="6.356"/>
  <system-out/>
</testsuite> <!-- testSuite.base -->
